[04-Mar-2018 01:22:55 UTC] PHP Parse error:  syntax error, unexpected '<' in /home/ubuntu/workspace/malasadi/test/index.php on line 74
[10-Mar-2018 17:18:10 UTC] PHP Warning:  file_get_contents(): php_network_getaddresses: getaddrinfo failed: No address associated with hostname in /home/ubuntu/workspace/malasadi/practice/Untitled1.php on line 44
[10-Mar-2018 17:18:10 UTC] PHP Stack trace:
[10-Mar-2018 17:18:10 UTC] PHP   1. {main}() /home/ubuntu/workspace/malasadi/practice/Untitled1.php:0
[10-Mar-2018 17:18:10 UTC] PHP   2. file_get_contents() /home/ubuntu/workspace/malasadi/practice/Untitled1.php:44
[10-Mar-2018 17:18:10 UTC] PHP Warning:  file_get_contents(http://local.yahooapis.com/MapsService/V1/mapImage?appid=YD-bGrhXEw_JXyniyYzf1l6_NzPNWbPu6Ey5Q--&street=701+First+Avenue&city=Sunnyvale&state=CA&output=php): failed to open stream: php_network_getaddresses: getaddrinfo failed: No address associated with hostname in /home/ubuntu/workspace/malasadi/practice/Untitled1.php on line 44
[10-Mar-2018 17:18:10 UTC] PHP Stack trace:
[10-Mar-2018 17:18:10 UTC] PHP   1. {main}() /home/ubuntu/workspace/malasadi/practice/Untitled1.php:0
[10-Mar-2018 17:18:10 UTC] PHP   2. file_get_contents() /home/ubuntu/workspace/malasadi/practice/Untitled1.php:44
[10-Mar-2018 17:18:54 UTC] PHP Warning:  file_get_contents(): php_network_getaddresses: getaddrinfo failed: No address associated with hostname in /home/ubuntu/workspace/malasadi/practice/Untitled1.php on line 44
[10-Mar-2018 17:18:54 UTC] PHP Stack trace:
[10-Mar-2018 17:18:54 UTC] PHP   1. {main}() /home/ubuntu/workspace/malasadi/practice/Untitled1.php:0
[10-Mar-2018 17:18:54 UTC] PHP   2. file_get_contents() /home/ubuntu/workspace/malasadi/practice/Untitled1.php:44
[10-Mar-2018 17:18:54 UTC] PHP Warning:  file_get_contents(http://local.yahooapis.com/MapsService/V1/mapImage?appid=YD-bGrhXEw_JXyniyYzf1l6_NzPNWbPu6Ey5Q--&street=701+First+Avenue&city=Sunnyvale&state=CA&output=php): failed to open stream: php_network_getaddresses: getaddrinfo failed: No address associated with hostname in /home/ubuntu/workspace/malasadi/practice/Untitled1.php on line 44
[10-Mar-2018 17:18:54 UTC] PHP Stack trace:
[10-Mar-2018 17:18:54 UTC] PHP   1. {main}() /home/ubuntu/workspace/malasadi/practice/Untitled1.php:0
[10-Mar-2018 17:18:54 UTC] PHP   2. file_get_contents() /home/ubuntu/workspace/malasadi/practice/Untitled1.php:44
[10-Mar-2018 17:54:55 UTC] PHP Warning:  file_get_contents(): php_network_getaddresses: getaddrinfo failed: No address associated with hostname in /home/ubuntu/workspace/malasadi/practice/Untitled1.php on line 44
[10-Mar-2018 17:54:55 UTC] PHP Stack trace:
[10-Mar-2018 17:54:55 UTC] PHP   1. {main}() /home/ubuntu/workspace/malasadi/practice/Untitled1.php:0
[10-Mar-2018 17:54:55 UTC] PHP   2. file_get_contents() /home/ubuntu/workspace/malasadi/practice/Untitled1.php:44
[10-Mar-2018 17:54:55 UTC] PHP Warning:  file_get_contents(http://local.yahooapis.com/MapsService/V1/mapImage?appid=YD-bGrhXEw_JXyniyYzf1l6_NzPNWbPu6Ey5Q--&street=701+First+Avenue&city=Sunnyvale&state=CA&output=php): failed to open stream: php_network_getaddresses: getaddrinfo failed: No address associated with hostname in /home/ubuntu/workspace/malasadi/practice/Untitled1.php on line 44
[10-Mar-2018 17:54:55 UTC] PHP Stack trace:
[10-Mar-2018 17:54:55 UTC] PHP   1. {main}() /home/ubuntu/workspace/malasadi/practice/Untitled1.php:0
[10-Mar-2018 17:54:55 UTC] PHP   2. file_get_contents() /home/ubuntu/workspace/malasadi/practice/Untitled1.php:44
