[12-Feb-2018 19:06:15 UTC] PHP Parse error:  syntax error, unexpected '"' width= '70'/>"' (T_CONSTANT_ENCAPSED_STRING), expecting ',' or ';' in /home/ubuntu/workspace/malasadi/Labs/lab2/index.php on line 50
[12-Feb-2018 19:06:17 UTC] PHP Parse error:  syntax error, unexpected '"' width= '70'/>"' (T_CONSTANT_ENCAPSED_STRING), expecting ',' or ';' in /home/ubuntu/workspace/malasadi/Labs/lab2/index.php on line 50
[03-Mar-2018 18:26:30 UTC] PHP Fatal error:  Maximum execution time of 300 seconds exceeded in /home/ubuntu/workspace/malasadi/Labs/lab4/index.php on line 63
[03-Mar-2018 18:26:30 UTC] PHP Stack trace:
[03-Mar-2018 18:26:30 UTC] PHP   1. {main}() /home/ubuntu/workspace/malasadi/Labs/lab4/index.php:0
[03-Mar-2018 19:15:29 UTC] PHP Fatal error:  Maximum execution time of 300 seconds exceeded in /home/ubuntu/workspace/malasadi/Labs/lab4/index.php on line 63
[03-Mar-2018 19:15:29 UTC] PHP Stack trace:
[03-Mar-2018 19:15:29 UTC] PHP   1. {main}() /home/ubuntu/workspace/malasadi/Labs/lab4/index.php:0
[04-Mar-2018 06:23:38 UTC] PHP Fatal error:  Maximum execution time of 300 seconds exceeded in /home/ubuntu/workspace/malasadi/Labs/lab4/index.php on line 111
[04-Mar-2018 06:23:38 UTC] PHP Stack trace:
[04-Mar-2018 06:23:38 UTC] PHP   1. {main}() /home/ubuntu/workspace/malasadi/Labs/lab4/index.php:0
[04-Mar-2018 06:35:24 UTC] PHP Fatal error:  Maximum execution time of 300 seconds exceeded in /home/ubuntu/workspace/malasadi/Labs/lab4/index.php on line 143
[04-Mar-2018 06:35:24 UTC] PHP Stack trace:
[04-Mar-2018 06:35:24 UTC] PHP   1. {main}() /home/ubuntu/workspace/malasadi/Labs/lab4/index.php:0
[04-Mar-2018 06:54:49 UTC] PHP Fatal error:  Maximum execution time of 300 seconds exceeded in /home/ubuntu/workspace/malasadi/Labs/lab4/index.php on line 143
[04-Mar-2018 06:54:49 UTC] PHP Stack trace:
[04-Mar-2018 06:54:49 UTC] PHP   1. {main}() /home/ubuntu/workspace/malasadi/Labs/lab4/index.php:0
[31-Mar-2018 23:33:22 UTC] PHP Warning:  PDOStatement::execute() expects parameter 1 to be array, string given in /home/ubuntu/workspace/malasadi/Labs/lab6/purchaseHistory.php on line 18
[31-Mar-2018 23:33:22 UTC] PHP Stack trace:
[31-Mar-2018 23:33:22 UTC] PHP   1. {main}() /home/ubuntu/workspace/malasadi/Labs/lab6/purchaseHistory.php:0
[31-Mar-2018 23:33:22 UTC] PHP   2. PDOStatement->execute() /home/ubuntu/workspace/malasadi/Labs/lab6/purchaseHistory.php:18
[31-Mar-2018 23:37:29 UTC] PHP Warning:  Unterminated comment starting line 33 in /home/ubuntu/workspace/malasadi/Labs/lab6/purchaseHistory.php on line 33
[31-Mar-2018 23:37:29 UTC] PHP Parse error:  syntax error, unexpected end of file in /home/ubuntu/workspace/malasadi/Labs/lab6/purchaseHistory.php on line 53
